<?xml version="1.0" encoding="UTF-8"?>
<!-- Generated by org.testng.reporters.JUnitXMLReporter -->
<testsuite ignored="4" hostname="asus-pro" failures="1" tests="3" name="Test" time="55.426" errors="0" timestamp="2025-05-23T21:31:52 WAT">
  <testcase classname="cosmetic.tests.LoginTest" name="loginTest" time="18.876"/>
  <testcase classname="cosmetic.tests.SearchProductTest" name="homePageTest" time="14.261"/>
  <testcase classname="cosmetic.tests.AddCartTest" name="addProd" time="10.699">
    <failure type="junit.framework.ComparisonFailure" message="expected:&amp;lt;Coffret crème brulée - K-reine&amp;gt; but was:&amp;lt;Hean - Sensual eye pencil 302 noir&amp;gt;">
      <![CDATA[junit.framework.ComparisonFailure: expected:<Coffret crème brulée - K-reine> but was:<Hean - Sensual eye pencil 302 noir>
at junit.framework.Assert.assertEquals(Assert.java:81)
at junit.framework.Assert.assertEquals(Assert.java:87)
at cosmetic.pages.AddProdPage.assertCartProduct(AddProdPage.java:100)
at cosmetic.tests.AddCartTest.addProd(AddCartTest.java:12)
at java.base/java.util.ArrayList.forEach(ArrayList.java:1597)
... Removed 25 stack frames]]>
    </failure>
  </testcase> <!-- addProd -->
  <testcase classname="cosmetic.tests.BaseTest" name="@AfterTest teardown" time="0.0">
    <ignored/>
  </testcase> <!-- @AfterTest teardown -->
  <testcase classname="cosmetic.tests.BaseTest" name="@AfterTest teardown" time="0.0">
    <ignored/>
  </testcase> <!-- @AfterTest teardown -->
  <testcase classname="cosmetic.tests.BaseTest" name="@BeforeTest setUp" time="0.0">
    <ignored/>
  </testcase> <!-- @BeforeTest setUp -->
  <testcase classname="cosmetic.tests.BaseTest" name="@BeforeTest setUp" time="0.0">
    <ignored/>
  </testcase> <!-- @BeforeTest setUp -->
</testsuite> <!-- Test -->
