<?xml version="1.0" encoding="UTF-8"?>
<!-- Generated by org.testng.reporters.JUnitXMLReporter -->
<testsuite ignored="6" hostname="asus-pro" failures="0" tests="4" name="Test" time="26.966" errors="0" timestamp="2025-05-24T18:08:19 WAT">
  <testcase classname="cosmetic.tests.LoginTest" name="loginTest" time="6.305"/>
  <testcase classname="cosmetic.tests.SearchProductTest" name="homePageTest" time="4.795"/>
  <testcase classname="cosmetic.tests.AddCartTest" name="addProd" time="8.211"/>
  <testcase classname="cosmetic.tests.LogoutTest" name="logout" time="1.35"/>
  <testcase classname="cosmetic.tests.BaseTest" name="@BeforeTest setUp" time="0.0">
    <ignored/>
  </testcase> <!-- @BeforeTest setUp -->
  <testcase classname="cosmetic.tests.BaseTest" name="@BeforeTest setUp" time="0.0">
    <ignored/>
  </testcase> <!-- @BeforeTest setUp -->
  <testcase classname="cosmetic.tests.BaseTest" name="@AfterTest teardown" time="0.0">
    <ignored/>
  </testcase> <!-- @AfterTest teardown -->
  <testcase classname="cosmetic.tests.BaseTest" name="@BeforeTest setUp" time="0.0">
    <ignored/>
  </testcase> <!-- @BeforeTest setUp -->
  <testcase classname="cosmetic.tests.BaseTest" name="@AfterTest teardown" time="0.0">
    <ignored/>
  </testcase> <!-- @AfterTest teardown -->
  <testcase classname="cosmetic.tests.BaseTest" name="@AfterTest teardown" time="0.0">
    <ignored/>
  </testcase> <!-- @AfterTest teardown -->
</testsuite> <!-- Test -->
