<?xml version="1.0" encoding="UTF-8"?>
<testng-results ignored="0" total="4" passed="4" failed="0" skipped="0">
  <reporter-output>
  </reporter-output>
  <suite started-at="2025-05-24T18:07:52 WAT" name="Suite" finished-at="2025-05-24T18:08:19 WAT" duration-ms="26966">
    <groups>
    </groups>
    <test started-at="2025-05-24T18:07:52 WAT" name="Test" finished-at="2025-05-24T18:08:19 WAT" duration-ms="26966">
      <class name="cosmetic.tests.LogoutTest">
        <test-method signature="logout()[pri:4, instance:cosmetic.tests.LogoutTest@b2c9a9c]" started-at="2025-05-24T18:08:17 WAT" name="logout" finished-at="2025-05-24T18:08:18 WAT" duration-ms="1350" status="PASS">
          <reporter-output>
          </reporter-output>
        </test-method> <!-- logout -->
      </class> <!-- cosmetic.tests.LogoutTest -->
      <class name="cosmetic.tests.SearchProductTest">
        <test-method signature="homePageTest()[pri:2, instance:cosmetic.tests.SearchProductTest@8297b3a]" started-at="2025-05-24T18:08:04 WAT" name="homePageTest" finished-at="2025-05-24T18:08:09 WAT" duration-ms="4795" status="PASS">
          <reporter-output>
          </reporter-output>
        </test-method> <!-- homePageTest -->
      </class> <!-- cosmetic.tests.SearchProductTest -->
      <class name="cosmetic.tests.AddCartTest">
        <test-method signature="addProd()[pri:3, instance:cosmetic.tests.AddCartTest@2362f559]" started-at="2025-05-24T18:08:09 WAT" name="addProd" finished-at="2025-05-24T18:08:17 WAT" duration-ms="8211" status="PASS">
          <reporter-output>
          </reporter-output>
        </test-method> <!-- addProd -->
      </class> <!-- cosmetic.tests.AddCartTest -->
      <class name="cosmetic.tests.LoginTest">
        <test-method is-config="true" signature="setUp(java.lang.String)[pri:0, instance:cosmetic.tests.LoginTest@45c7e403]" started-at="2025-05-24T18:07:52 WAT" name="setUp" finished-at="2025-05-24T18:07:58 WAT" duration-ms="5465" status="PASS">
          <params>
            <param index="0">
              <value>
                <![CDATA[https://cosmetique.tn/connexion?back=my-account]]>
              </value>
            </param>
          </params>
          <reporter-output>
          </reporter-output>
        </test-method> <!-- setUp -->
        <test-method signature="loginTest()[pri:1, instance:cosmetic.tests.LoginTest@45c7e403]" started-at="2025-05-24T18:07:58 WAT" name="loginTest" finished-at="2025-05-24T18:08:04 WAT" duration-ms="6305" status="PASS">
          <reporter-output>
          </reporter-output>
        </test-method> <!-- loginTest -->
        <test-method is-config="true" signature="teardown()[pri:0, instance:cosmetic.tests.LoginTest@45c7e403]" started-at="2025-05-24T18:08:18 WAT" name="teardown" finished-at="2025-05-24T18:08:19 WAT" duration-ms="737" status="PASS">
          <reporter-output>
          </reporter-output>
        </test-method> <!-- teardown -->
      </class> <!-- cosmetic.tests.LoginTest -->
    </test> <!-- Test -->
  </suite> <!-- Suite -->
</testng-results>
