<?xml version="1.0" encoding="UTF-8"?>
<testng-results ignored="0" total="3" passed="2" failed="1" skipped="0">
  <reporter-output>
  </reporter-output>
  <suite started-at="2025-05-23T21:30:57 WAT" name="Suite" finished-at="2025-05-23T21:31:52 WAT" duration-ms="55426">
    <groups>
    </groups>
    <test started-at="2025-05-23T21:30:57 WAT" name="Test" finished-at="2025-05-23T21:31:52 WAT" duration-ms="55426">
      <class name="cosmetic.tests.SearchProductTest">
        <test-method signature="homePageTest()[pri:2, instance:cosmetic.tests.SearchProductTest@510f3d34]" started-at="2025-05-23T21:31:27 WAT" name="homePageTest" finished-at="2025-05-23T21:31:41 WAT" duration-ms="14261" status="PASS">
          <reporter-output>
          </reporter-output>
        </test-method> <!-- homePageTest -->
      </class> <!-- cosmetic.tests.SearchProductTest -->
      <class name="cosmetic.tests.AddCartTest">
        <test-method signature="addProd()[pri:3, instance:cosmetic.tests.AddCartTest@7817fd62]" started-at="2025-05-23T21:31:41 WAT" name="addProd" finished-at="2025-05-23T21:31:51 WAT" duration-ms="10699" status="FAIL">
          <exception class="junit.framework.ComparisonFailure">
            <message>
              <![CDATA[expected:<Coffret crème brulée - K-reine> but was:<Hean - Sensual eye pencil 302 noir>]]>
            </message>
            <full-stacktrace>
              <![CDATA[junit.framework.ComparisonFailure: expected:<Coffret crème brulée - K-reine> but was:<Hean - Sensual eye pencil 302 noir>
at junit.framework.Assert.assertEquals(Assert.java:81)
at junit.framework.Assert.assertEquals(Assert.java:87)
at cosmetic.pages.AddProdPage.assertCartProduct(AddProdPage.java:100)
at cosmetic.tests.AddCartTest.addProd(AddCartTest.java:12)
at java.base/jdk.internal.reflect.DirectMethodHandleAccessor.invoke(DirectMethodHandleAccessor.java:103)
at java.base/java.lang.reflect.Method.invoke(Method.java:580)
at org.testng.internal.invokers.MethodInvocationHelper.invokeMethod(MethodInvocationHelper.java:139)
at org.testng.internal.invokers.TestInvoker.invokeMethod(TestInvoker.java:664)
at org.testng.internal.invokers.TestInvoker.invokeTestMethod(TestInvoker.java:228)
at org.testng.internal.invokers.MethodRunner.runInSequence(MethodRunner.java:63)
at org.testng.internal.invokers.TestInvoker$MethodInvocationAgent.invoke(TestInvoker.java:961)
at org.testng.internal.invokers.TestInvoker.invokeTestMethods(TestInvoker.java:201)
at org.testng.internal.invokers.TestMethodWorker.invokeTestMethods(TestMethodWorker.java:148)
at org.testng.internal.invokers.TestMethodWorker.run(TestMethodWorker.java:128)
at java.base/java.util.ArrayList.forEach(ArrayList.java:1597)
at org.testng.TestRunner.privateRun(TestRunner.java:819)
at org.testng.TestRunner.run(TestRunner.java:619)
at org.testng.SuiteRunner.runTest(SuiteRunner.java:443)
at org.testng.SuiteRunner.runSequentially(SuiteRunner.java:437)
at org.testng.SuiteRunner.privateRun(SuiteRunner.java:397)
at org.testng.SuiteRunner.run(SuiteRunner.java:336)
at org.testng.SuiteRunnerWorker.runSuite(SuiteRunnerWorker.java:52)
at org.testng.SuiteRunnerWorker.run(SuiteRunnerWorker.java:95)
at org.testng.TestNG.runSuitesSequentially(TestNG.java:1301)
at org.testng.TestNG.runSuitesLocally(TestNG.java:1228)
at org.testng.TestNG.runSuites(TestNG.java:1134)
at org.testng.TestNG.run(TestNG.java:1101)
at org.testng.remote.AbstractRemoteTestNG.run(AbstractRemoteTestNG.java:115)
at org.testng.remote.RemoteTestNG.initAndRun(RemoteTestNG.java:293)
at org.testng.remote.RemoteTestNG.main(RemoteTestNG.java:91)
]]>
            </full-stacktrace>
          </exception> <!-- junit.framework.ComparisonFailure -->
          <reporter-output>
          </reporter-output>
        </test-method> <!-- addProd -->
      </class> <!-- cosmetic.tests.AddCartTest -->
      <class name="cosmetic.tests.LoginTest">
        <test-method is-config="true" signature="setUp(java.lang.String)[pri:0, instance:cosmetic.tests.LoginTest@279fedbd]" started-at="2025-05-23T21:30:57 WAT" name="setUp" finished-at="2025-05-23T21:31:08 WAT" duration-ms="11012" status="PASS">
          <params>
            <param index="0">
              <value>
                <![CDATA[https://cosmetique.tn/connexion?back=my-account]]>
              </value>
            </param>
          </params>
          <reporter-output>
          </reporter-output>
        </test-method> <!-- setUp -->
        <test-method signature="loginTest()[pri:1, instance:cosmetic.tests.LoginTest@279fedbd]" started-at="2025-05-23T21:31:08 WAT" name="loginTest" finished-at="2025-05-23T21:31:27 WAT" duration-ms="18876" status="PASS">
          <reporter-output>
          </reporter-output>
        </test-method> <!-- loginTest -->
        <test-method is-config="true" signature="teardown()[pri:0, instance:cosmetic.tests.LoginTest@279fedbd]" started-at="2025-05-23T21:31:51 WAT" name="teardown" finished-at="2025-05-23T21:31:52 WAT" duration-ms="504" status="PASS">
          <reporter-output>
          </reporter-output>
        </test-method> <!-- teardown -->
      </class> <!-- cosmetic.tests.LoginTest -->
    </test> <!-- Test -->
  </suite> <!-- Suite -->
</testng-results>
